time,elapsed_seconds,message
15:42:05,7.54e-05,PEST++ performance logger started
15:42:05,0.0019691,starting to process control file
15:42:05,0.0031322,finished processing control file
15:42:05,0.0072276,initializing
15:42:05,0.000248,using glm algorithm
15:42:05,1.97e-05,using REDSVD for truncated svd solve
15:42:05,5.67e-05,maxsing: 104
15:42:05,0.0001192,eigthresh:  5e-07
15:42:05,1.4e-05,initializing localizer
15:42:05,0.0001284,not using localization
15:42:05,1.99e-05,using lambda multipliers: 
15:42:05,1.54e-05,using lambda scaling factors: 
15:42:05,1.46e-05,acceptable phi factor:  1.05
15:42:05,1.42e-05,lambda increase factor:  10
15:42:05,1.4e-05,lambda decrease factor:  0.75
15:42:05,1.39e-05,max run fail:  1
15:42:05,0.0001152,sanity_check warnings
15:42:05,1.44e-05,noptmax > 3, this is a lot of iterations for an ensemble method, please consider using fewer iterations for better outcomes
15:42:05,1.3e-05,continuing initialization...
15:42:05,1.44e-05,initializing prior parameter covariance matrix
15:42:05,6.9e-06,initializing parcov
15:42:05,0.0065692,parcov loaded  from unc file param.unc
15:42:05,0.0018512,initializing observation noise covariance matrix
15:42:05,8.88e-05,obscov loaded  from observation weights
15:42:05,2.68e-05,using reg_factor:  0
15:42:05,1.69e-05,drawing parameter realizations:  40
15:42:05,0.0003263,parameters not grouped by parameter groups, reordering par ensemble
15:42:05,0.0007659,making standard normal draws
15:42:05,0.0003055,...drawing by group

15:42:05,0.0009963,thread: 0 - min variance for group K_PPT: 0.2
15:42:05,4.78e-05,thread: 0 - Randomized Eigen decomposition of full cov for 104 element matrix

15:42:05,0.0032278,draw thread: 0 processed 0 groups
15:42:05,9.31e-05,checking realization for invalid values
15:42:05,3.79e-05,resizing reals matrix
15:42:05,1.53e-05,filling reals matrix and adding mean values
15:42:05,0.000903,not using prior parameter covariance matrix scaling
15:42:05,0.0001168,drawing observation noise realizations:  40
15:42:05,2.18e-05,making standard normal draws
15:42:05,1.58e-05,scaling by std
15:42:05,7.5e-06,checking realization for invalid values
15:42:05,2.22e-05,resizing reals matrix
15:42:05,7.2e-06,filling reals matrix and adding mean values
15:42:05,6.49e-05,setting weights ensemble from control file weights
15:42:05,0.0017402,saved weight ensemble to  case8.weights.csv
15:42:05,1.77e-05,checking for denormal values in weights ensemble
15:42:05,2.04e-05,adding 'base' parameter values to ensemble
15:42:05,6.92e-05,adding 'base' observation values to ensemble
15:42:05,2.75e-05,adding 'base' weight values to weight ensemble
15:42:05,4.05e-05,checking for denormal values in pe
15:42:05,0.0039256,saved initial parameter ensemble to  case8.0.par.csv
15:42:05,2.09e-05,checking for denormal values in obs + noise ensemble
15:42:05,0.0017211,saved obs+noise observation ensemble (obsval + noise realizations) to  case8.obs+noise.csv
15:42:05,3.09e-05,using subset in lambda testing, number of realizations used in subset testing:  2
15:42:05,1.64e-05,subset how:  RANDOM
15:42:05,0.0002762,centering on ensemble mean vector
15:42:05,1.57e-05,running initial ensemble
15:42:05,1.75e-05,running initial ensemble of size 40
15:42:05,1.21e-05,queuing 40 runs
15:42:05,0.0060944,making runs
15:42:25,19.7543,processing runs
15:42:25,0.0054354,saved initial obs ensemble to case8.0.obs.csv
15:42:25,0.0091586,calc pre-drop phi
15:42:25,0.0024971,pre-drop initial phi summary
15:42:25,0.0006329,checking for prior-data conflict...
15:42:25,0.0011045,calc initial phi
15:42:25,0.0002904,initial phi summary
15:42:25,0.0013103,current lambda: 100
15:42:25,3.65e-05,initialization complete
15:42:25,0.0001018,starting solve for iteration: 1
15:42:25,2.71e-05,starting solve for iteration: 1
15:42:25,3.79e-05,current lambda:  100
15:42:25,2.57e-05,reordering variables in pe
15:42:25,0.0001815,preparing EnsembleSolver
15:42:25,0.0001129,starting calcs for glm factor 10
15:42:25,2.92e-05,see .log file for more details
15:42:25,0.0014043,finished calcs for: 10
15:42:25,4.23e-05,starting calcs for glm factor 100
15:42:25,3.08e-05,see .log file for more details
15:42:25,0.0014152,finished calcs for: 100
15:42:25,4.48e-05,starting calcs for glm factor 1000
15:42:25,3.3e-05,see .log file for more details
15:42:25,0.0012465,finished calcs for: 1000
15:42:25,3.57e-05,running upgrade ensembles
15:42:25,2.63e-05,queuing 9 ensembles
15:42:25,0.0025025,subset idx:pe real name:  28:28, 39:BASE, 
15:42:25,4.83e-05,subset idx:oe real name:  28:28, 39:BASE, 
15:42:25,0.0038734,making runs
15:42:32,7.5002,processing runs
15:42:32,0.0029017,evaluating upgrade ensembles
15:42:32,3.56e-05,last mean:  10214.8
15:42:32,3.48e-05,last stdev:  22597.8
15:42:32,0.0002574,phi summary for lambda, scale fac:
15:42:32,0.0002331,phi summary for lambda, scale fac:
15:42:32,0.0002203,phi summary for lambda, scale fac:
15:42:32,0.0002197,phi summary for lambda, scale fac:
15:42:32,0.0002202,phi summary for lambda, scale fac:
15:42:32,0.0003059,phi summary for lambda, scale fac:
15:42:32,0.0002159,phi summary for lambda, scale fac:
15:42:32,0.0002164,phi summary for lambda, scale fac:
15:42:32,0.0002165,phi summary for lambda, scale fac:
15:42:32,0.0004815,phi summary for best lambda, scale fac: 
15:42:32,0.0001977,running remaining realizations for best lambda, scale:
15:42:32,2.24e-05,dropping subset idxs from remaining_pe_lam
15:42:32,4.77e-05,dropping subset idxs from remaining_oe_lam
15:42:32,4.01e-05,queuing 38 runs
15:42:32,0.0105998,making runs
15:42:42,9.95841,processing runs
15:42:42,0.0026535,assembling ensembles
15:42:42,0.0004175,updating phi
15:42:42,0.0002495,phi summary for entire ensemble using lambda,scale_fac 
15:42:42,0.0003647,last best mean phi * acceptable phi factor:  10725.5
15:42:42,3.22e-05,current best mean phi:  722.903
15:42:42,5.16e-05,updating parameter ensemble
15:42:42,1.63e-05,updating parameter ensemble
15:42:42,5.56e-05,updating lambda to  7.5
15:42:42,0.0210414,phi-based termination criteria check
15:42:42,4.79e-05,phiredstp:  0.005
15:42:42,3.34e-05,nphistp:  4
15:42:42,3.29e-05,nphinored (also used for consecutive bad lambda cycles):  4
15:42:42,3.47e-05,best mean phi sequence: 
15:42:42,3.33e-05,best phi yet:  722.903
15:42:42,3.22e-05,number of consecutive bad lambda testing cycles:  0
15:42:42,3.21e-05,number of iterations satisfying phiredstp criteria:  1
15:42:42,3.09e-05,number of iterations since best yet mean phi:  0
15:42:42,9.85e-05,starting solve for iteration: 2
15:42:42,2.26e-05,starting solve for iteration: 2
15:42:42,3.64e-05,current lambda:  7.5
15:42:42,2.13e-05,reordering variables in pe
15:42:42,0.0001461,preparing EnsembleSolver
15:42:42,0.0001163,starting calcs for glm factor 0.75
15:42:42,3.46e-05,see .log file for more details
15:42:42,0.0011145,finished calcs for: 0.75
15:42:42,3.99e-05,starting calcs for glm factor 7.5
15:42:42,3.04e-05,see .log file for more details
15:42:42,0.0011929,finished calcs for: 7.5
15:42:42,3.64e-05,starting calcs for glm factor 75
15:42:42,2.75e-05,see .log file for more details
15:42:42,0.0011987,finished calcs for: 75
15:42:42,3.52e-05,running upgrade ensembles
15:42:42,1.91e-05,queuing 9 ensembles
15:42:42,0.002434,subset idx:pe real name:  1:BASE, 13:11, 
15:42:42,4.69e-05,subset idx:oe real name:  1:BASE, 13:11, 
15:42:42,0.0044644,making runs
15:42:49,6.55416,processing runs
15:42:49,0.0034663,evaluating upgrade ensembles
15:42:49,4.2e-05,last mean:  722.903
15:42:49,3.89e-05,last stdev:  902.486
15:42:49,0.0003006,phi summary for lambda, scale fac:
15:42:49,0.0003278,phi summary for lambda, scale fac:
15:42:49,0.0002694,phi summary for lambda, scale fac:
15:42:49,0.000221,phi summary for lambda, scale fac:
15:42:49,0.0002109,phi summary for lambda, scale fac:
15:42:49,0.0002095,phi summary for lambda, scale fac:
15:42:49,0.0002166,phi summary for lambda, scale fac:
15:42:49,0.0002115,phi summary for lambda, scale fac:
15:42:49,0.0002411,phi summary for lambda, scale fac:
15:42:49,0.0005082,phi summary for best lambda, scale fac: 
15:42:49,0.0001852,running remaining realizations for best lambda, scale:
15:42:49,2.09e-05,dropping subset idxs from remaining_pe_lam
15:42:49,5.17e-05,dropping subset idxs from remaining_oe_lam
15:42:49,3.88e-05,queuing 38 runs
15:42:49,0.0102064,making runs
15:42:59,9.87015,processing runs
15:42:59,0.0022983,assembling ensembles
15:42:59,0.0003163,updating phi
15:42:59,0.0002408,phi summary for entire ensemble using lambda,scale_fac 
15:42:59,0.0003358,last best mean phi * acceptable phi factor:  759.048
15:42:59,3.69e-05,current best mean phi:  38.6357
15:42:59,3.41e-05,updating parameter ensemble
15:42:59,1.78e-05,updating parameter ensemble
15:42:59,6.01e-05,updating lambda to  0.5625
15:42:59,0.0214242,phi-based termination criteria check
15:42:59,5.41e-05,phiredstp:  0.005
15:42:59,3.35e-05,nphistp:  4
15:42:59,3.3e-05,nphinored (also used for consecutive bad lambda cycles):  4
15:42:59,3.68e-05,best mean phi sequence: 
15:42:59,3.32e-05,best phi yet:  38.6357
15:42:59,3.08e-05,number of consecutive bad lambda testing cycles:  0
15:42:59,3.14e-05,number of iterations satisfying phiredstp criteria:  1
15:42:59,3.43e-05,number of iterations since best yet mean phi:  0
15:42:59,9.03e-05,starting solve for iteration: 3
15:42:59,2.18e-05,starting solve for iteration: 3
15:42:59,3.12e-05,current lambda:  0.5625
15:42:59,1.73e-05,reordering variables in pe
15:42:59,0.0001412,preparing EnsembleSolver
15:42:59,0.0001064,starting calcs for glm factor 0.05625
15:42:59,2.9e-05,see .log file for more details
15:42:59,0.0011729,finished calcs for: 0.05625
15:42:59,4.22e-05,starting calcs for glm factor 0.5625
15:42:59,2.86e-05,see .log file for more details
15:42:59,0.0012658,finished calcs for: 0.5625
15:42:59,3.68e-05,starting calcs for glm factor 5.625
15:42:59,2.8e-05,see .log file for more details
15:42:59,0.0012393,finished calcs for: 5.625
15:42:59,4e-05,running upgrade ensembles
15:42:59,2.05e-05,queuing 9 ensembles
15:42:59,0.0024101,subset idx:pe real name:  0:BASE, 38:37, 
15:42:59,4e-05,subset idx:oe real name:  0:BASE, 38:37, 
15:42:59,0.0031517,making runs
15:43:06,6.54551,processing runs
15:43:06,0.0037802,evaluating upgrade ensembles
15:43:06,4.89e-05,last mean:  38.6357
15:43:06,4.12e-05,last stdev:  46.457
15:43:06,0.0002874,phi summary for lambda, scale fac:
15:43:06,0.0002418,phi summary for lambda, scale fac:
15:43:06,0.0002281,phi summary for lambda, scale fac:
15:43:06,0.0002163,phi summary for lambda, scale fac:
15:43:06,0.0002129,phi summary for lambda, scale fac:
15:43:06,0.0002154,phi summary for lambda, scale fac:
15:43:06,0.0002404,phi summary for lambda, scale fac:
15:43:06,0.0002495,phi summary for lambda, scale fac:
15:43:06,0.0002128,phi summary for lambda, scale fac:
15:43:06,0.0004773,phi summary for best lambda, scale fac: 
15:43:06,0.000151,running remaining realizations for best lambda, scale:
15:43:06,1.58e-05,dropping subset idxs from remaining_pe_lam
15:43:06,4.72e-05,dropping subset idxs from remaining_oe_lam
15:43:06,3.83e-05,queuing 38 runs
15:43:06,0.0114686,making runs
15:43:15,9.96412,processing runs
15:43:15,0.0022105,assembling ensembles
15:43:15,0.0003228,updating phi
15:43:15,0.0002208,phi summary for entire ensemble using lambda,scale_fac 
15:43:15,0.0002936,last best mean phi * acceptable phi factor:  40.5675
15:43:15,3.59e-05,current best mean phi:  11.4287
15:43:15,3.31e-05,updating parameter ensemble
15:43:15,1.71e-05,updating parameter ensemble
15:43:15,5.58e-05,updating lambda to  0.0421875
15:43:16,0.0215224,phi-based termination criteria check
15:43:16,5.57e-05,phiredstp:  0.005
15:43:16,3.59e-05,nphistp:  4
15:43:16,3.51e-05,nphinored (also used for consecutive bad lambda cycles):  4
15:43:16,3.51e-05,best mean phi sequence: 
15:43:16,3.11e-05,best phi yet:  11.4287
15:43:16,3.26e-05,number of consecutive bad lambda testing cycles:  0
15:43:16,3.2e-05,number of iterations satisfying phiredstp criteria:  1
15:43:16,3.17e-05,number of iterations since best yet mean phi:  0
15:43:16,9.5e-05,starting solve for iteration: 4
15:43:16,2.19e-05,starting solve for iteration: 4
15:43:16,3.13e-05,current lambda:  0.0421875
15:43:16,1.75e-05,reordering variables in pe
15:43:16,0.000131,preparing EnsembleSolver
15:43:16,9.47e-05,starting calcs for glm factor 0.00421875
15:43:16,2.78e-05,see .log file for more details
15:43:16,0.0010825,finished calcs for: 0.00421875
15:43:16,3.54e-05,starting calcs for glm factor 0.0421875
15:43:16,2.75e-05,see .log file for more details
15:43:16,0.0011848,finished calcs for: 0.0421875
15:43:16,3.59e-05,starting calcs for glm factor 0.421875
15:43:16,2.73e-05,see .log file for more details
15:43:16,0.0012007,finished calcs for: 0.421875
15:43:16,3.34e-05,running upgrade ensembles
15:43:16,1.86e-05,queuing 9 ensembles
15:43:16,0.0023565,subset idx:pe real name:  0:BASE, 10:6, 
15:43:16,4.15e-05,subset idx:oe real name:  0:BASE, 10:6, 
15:43:16,0.0045453,making runs
15:43:22,6.55711,processing runs
15:43:22,0.004449,evaluating upgrade ensembles
15:43:22,4.16e-05,last mean:  11.4287
15:43:22,3.39e-05,last stdev:  10.4526
15:43:22,0.0002616,phi summary for lambda, scale fac:
15:43:22,0.0002462,phi summary for lambda, scale fac:
15:43:22,0.000231,phi summary for lambda, scale fac:
15:43:22,0.0002351,phi summary for lambda, scale fac:
15:43:22,0.0002247,phi summary for lambda, scale fac:
15:43:22,0.0002223,phi summary for lambda, scale fac:
15:43:22,0.0002221,phi summary for lambda, scale fac:
15:43:22,0.0002189,phi summary for lambda, scale fac:
15:43:22,0.0002236,phi summary for lambda, scale fac:
15:43:22,0.0004697,phi summary for best lambda, scale fac: 
15:43:22,0.000156,running remaining realizations for best lambda, scale:
15:43:22,1.7e-05,dropping subset idxs from remaining_pe_lam
15:43:22,5.1e-05,dropping subset idxs from remaining_oe_lam
15:43:22,3.86e-05,queuing 38 runs
15:43:22,0.0109913,making runs
15:43:32,9.96123,processing runs
15:43:32,0.0013993,assembling ensembles
15:43:32,0.0003101,updating phi
15:43:32,0.0002509,phi summary for entire ensemble using lambda,scale_fac 
15:43:32,0.00035,last best mean phi * acceptable phi factor:  12.0002
15:43:32,4.6e-05,current best mean phi:  6.24055
15:43:32,4.32e-05,updating parameter ensemble
15:43:32,2.26e-05,updating parameter ensemble
15:43:32,7.5e-05,updating lambda to  0.00316406
15:43:32,0.0230658,phi-based termination criteria check
15:43:32,5.37e-05,phiredstp:  0.005
15:43:32,4.02e-05,nphistp:  4
15:43:32,3.88e-05,nphinored (also used for consecutive bad lambda cycles):  4
15:43:32,4.77e-05,best mean phi sequence: 
15:43:32,3.8e-05,best phi yet:  6.24055
15:43:32,4.13e-05,number of consecutive bad lambda testing cycles:  0
15:43:32,4.09e-05,number of iterations satisfying phiredstp criteria:  1
15:43:32,3.84e-05,number of iterations since best yet mean phi:  0
15:43:32,9.57e-05,starting solve for iteration: 5
15:43:32,2.29e-05,starting solve for iteration: 5
15:43:32,3.78e-05,current lambda:  0.00316406
15:43:32,2.07e-05,reordering variables in pe
15:43:32,0.0001517,preparing EnsembleSolver
15:43:32,0.0001131,starting calcs for glm factor 0.000316406
15:43:32,3.51e-05,see .log file for more details
15:43:32,0.0012415,finished calcs for: 0.000316406
15:43:32,4.59e-05,starting calcs for glm factor 0.00316406
15:43:32,3.45e-05,see .log file for more details
15:43:32,0.0014087,finished calcs for: 0.00316406
15:43:32,5.13e-05,starting calcs for glm factor 0.0316406
15:43:32,3.76e-05,see .log file for more details
15:43:32,0.0017306,finished calcs for: 0.0316406
15:43:32,6.02e-05,running upgrade ensembles
15:43:32,3.26e-05,queuing 9 ensembles
15:43:32,0.0025911,subset idx:pe real name:  0:BASE, 25:22, 
15:43:32,6.22e-05,subset idx:oe real name:  0:BASE, 25:22, 
15:43:32,0.0053301,making runs
15:43:39,6.62536,processing runs
15:43:39,0.0019879,evaluating upgrade ensembles
15:43:39,4e-05,last mean:  6.24055
15:43:39,3.12e-05,last stdev:  3.92577
15:43:39,0.0002841,phi summary for lambda, scale fac:
15:43:39,0.0002575,phi summary for lambda, scale fac:
15:43:39,0.000317,phi summary for lambda, scale fac:
15:43:39,0.0002787,phi summary for lambda, scale fac:
15:43:39,0.0002799,phi summary for lambda, scale fac:
15:43:39,0.0002534,phi summary for lambda, scale fac:
15:43:39,0.0002401,phi summary for lambda, scale fac:
15:43:39,0.0002438,phi summary for lambda, scale fac:
15:43:39,0.0002369,phi summary for lambda, scale fac:
15:43:39,0.0001722,best subset mean phi  (11.1656) greater than acceptable phi : 6.55258
15:43:39,3.78e-05,updating realizations with reduced phi
15:43:39,0.0002825,updating pe:oe real =BASE:BASE, current phi: new phi  =2.45247:1.79739
15:43:39,0.0002841,current best mean phi (after updating reduced-phi reals):  6.22417
15:43:39,3.35e-05,partial update improved phi stats, updating lambda to  0.0237305
15:43:39,2.91e-05,returing to upgrade calculations...
15:43:39,0.021542,phi-based termination criteria check
15:43:39,4.83e-05,phiredstp:  0.005
15:43:39,3.35e-05,nphistp:  4
15:43:39,3.35e-05,nphinored (also used for consecutive bad lambda cycles):  4
15:43:39,4.02e-05,best mean phi sequence: 
15:43:39,3.42e-05,best phi yet:  6.22417
15:43:39,3.15e-05,number of consecutive bad lambda testing cycles:  1
15:43:39,3.18e-05,number of iterations satisfying phiredstp criteria:  1
15:43:39,3.13e-05,number of iterations since best yet mean phi:  0
